<?xml version="1.0" encoding="UTF-8"?>
<!-- Generated by org.testng.reporters.JUnitXMLReporter -->
<testsuite hostname="PC" ignored="0" name="Default test" tests="3" failures="0" timestamp="05 Apr 2026 12:13:23 GMT" time="0.044" errors="0">
  <testcase name="test1" time="0.02" classname="org.testng.test.sample.DataInput"/>
  <testcase name="test1" time="0.0" classname="org.testng.test.sample.DataInput"/>
  <testcase name="test1" time="0.002" classname="org.testng.test.sample.DataInput"/>
</testsuite> <!-- Default test -->
