<?xml version="1.0" encoding="UTF-8"?>
<!-- Generated by org.testng.reporters.JUnitXMLReporter -->
<testsuite hostname="PC" ignored="1" name="Test" tests="2" failures="0" timestamp="05 Apr 2026 11:37:02 GMT" time="0.04" errors="0">
  <testcase name="test1" time="0.01" classname="org.testng.test.sample.AnotherClass"/>
  <testcase name="test3" time="0.002" classname="org.testng.test.sample.AnotherClass"/>
  <testcase name="test2" time="0.0" classname="org.testng.test.sample.AnotherClass">
    <ignored/>
  </testcase> <!-- test2 -->
</testsuite> <!-- Test -->
