<?xml version="1.0" encoding="UTF-8"?>
<!-- Generated by org.testng.reporters.JUnitXMLReporter -->
<testsuite hostname="PC" ignored="4" name="GRP-sanity" tests="2" failures="0" timestamp="05 Apr 2026 12:55:46 GMT" time="0.039" errors="0">
  <testcase name="test2" time="0.015" classname="org.testng.test.sample.Group"/>
  <testcase name="test5" time="0.0" classname="org.testng.test.sample.Group"/>
  <testcase name="test4" time="0.0" classname="org.testng.test.sample.Group">
    <ignored/>
  </testcase> <!-- test4 -->
  <testcase name="test6" time="0.0" classname="org.testng.test.sample.Group">
    <ignored/>
  </testcase> <!-- test6 -->
  <testcase name="test1" time="0.0" classname="org.testng.test.sample.Group">
    <ignored/>
  </testcase> <!-- test1 -->
  <testcase name="test3" time="0.0" classname="org.testng.test.sample.Group">
    <ignored/>
  </testcase> <!-- test3 -->
</testsuite> <!-- GRP-sanity -->
