<?xml version="1.0" encoding="UTF-8"?>
<!-- Generated by org.testng.reporters.JUnitXMLReporter -->
<testsuite hostname="PC" ignored="4" name="GRP-regression" tests="2" failures="0" timestamp="05 Apr 2026 12:58:07 GMT" time="0.038" errors="0">
  <testcase name="test3" time="0.009" classname="org.testng.test.sample.Group"/>
  <testcase name="test6" time="0.0" classname="org.testng.test.sample.Group"/>
  <testcase name="test5" time="0.0" classname="org.testng.test.sample.Group">
    <ignored/>
  </testcase> <!-- test5 -->
  <testcase name="test2" time="0.0" classname="org.testng.test.sample.Group">
    <ignored/>
  </testcase> <!-- test2 -->
  <testcase name="test4" time="0.0" classname="org.testng.test.sample.Group">
    <ignored/>
  </testcase> <!-- test4 -->
  <testcase name="test1" time="0.0" classname="org.testng.test.sample.Group">
    <ignored/>
  </testcase> <!-- test1 -->
</testsuite> <!-- GRP-regression -->
