<?xml version="1.0" encoding="UTF-8"?>
<!-- Generated by org.testng.reporters.JUnitReportReporter -->
<testsuite skipped="0" hostname="PC" name="org.testng.test.sample.DataInput" tests="3" failures="0" timestamp="05 Apr 2026 12:13:23 GMT" time="0.022" errors="0">
  <testcase name="test1" time="0.002" classname="org.testng.test.sample.DataInput"/>
  <testcase name="test1" time="0.000" classname="org.testng.test.sample.DataInput"/>
  <testcase name="test1" time="0.020" classname="org.testng.test.sample.DataInput"/>
</testsuite> <!-- org.testng.test.sample.DataInput -->
