<?xml version="1.0" encoding="UTF-8"?>
<!-- Generated by org.testng.reporters.JUnitReportReporter -->
<testsuite skipped="1" hostname="PC" name="org.testng.test.sample.AnotherClass" tests="3" failures="0" timestamp="05 Apr 2026 11:40:03 GMT" time="0.000" errors="1">
  <testcase name="test1" time="0.000" classname="org.testng.test.sample.AnotherClass">
    <error type="org.testng.TestNGException" message="
Parameter &#039;username&#039; is required by @Test on method test1 but has not been marked @Optional or defined
in C:\Users\HomePC\AppData\Local\Temp\testng-eclipse--1790350502\testng-customsuite.xml">
      <![CDATA[org.testng.TestNGException: 
Parameter 'username' is required by @Test on method test1 but has not been marked @Optional or defined
in C:\Users\HomePC\AppData\Local\Temp\testng-eclipse--1790350502\testng-customsuite.xml
at org.testng.internal.Parameters.createParams(Parameters.java:290)
at org.testng.internal.Parameters.createParametersForMethod(Parameters.java:359)
at org.testng.internal.Parameters.createParameters(Parameters.java:620)
at org.testng.internal.Parameters.handleParameters(Parameters.java:769)
at org.testng.internal.ParameterHandler.handleParameters(ParameterHandler.java:49)
at org.testng.internal.ParameterHandler.createParameters(ParameterHandler.java:37)
at org.testng.internal.Invoker.invokeTestMethods(Invoker.java:924)
at org.testng.internal.TestMethodWorker.invokeTestMethods(TestMethodWorker.java:125)
at org.testng.internal.TestMethodWorker.run(TestMethodWorker.java:109)
at org.testng.TestRunner.privateRun(TestRunner.java:648)
at org.testng.TestRunner.run(TestRunner.java:505)
at org.testng.SuiteRunner.runTest(SuiteRunner.java:455)
at org.testng.SuiteRunner.runSequentially(SuiteRunner.java:450)
at org.testng.SuiteRunner.privateRun(SuiteRunner.java:415)
at org.testng.SuiteRunner.run(SuiteRunner.java:364)
at org.testng.SuiteRunnerWorker.runSuite(SuiteRunnerWorker.java:52)
at org.testng.SuiteRunnerWorker.run(SuiteRunnerWorker.java:84)
at org.testng.TestNG.runSuitesSequentially(TestNG.java:1208)
at org.testng.TestNG.runSuitesLocally(TestNG.java:1137)
at org.testng.TestNG.runSuites(TestNG.java:1049)
at org.testng.TestNG.run(TestNG.java:1017)
at org.testng.remote.AbstractRemoteTestNG.run(AbstractRemoteTestNG.java:132)
at org.testng.remote.RemoteTestNG.initAndRun(RemoteTestNG.java:230)
at org.testng.remote.RemoteTestNG.main(RemoteTestNG.java:76)
]]>
    </error>
  </testcase> <!-- test1 -->
  <testcase name="test3" time="0.000" classname="org.testng.test.sample.AnotherClass"/>
  <testcase name="test2" classname="org.testng.test.sample.AnotherClass">
    <skipped/>
  </testcase> <!-- test2 -->
</testsuite> <!-- org.testng.test.sample.AnotherClass -->
